<?xml version="1.0" encoding="utf-8"?><testsuites name="pytest tests"><testsuite name="pytest" errors="0" failures="0" skipped="0" tests="17" time="0.618" timestamp="2026-05-28T21:10:01.429631+00:00" hostname="agent-env-5ef1f80e-feba-4a08-a01d-db698e348b91"><testcase classname="tests.test_legal_settings_footer.TestPublicEndpoints" name="test_public_legal_settings" time="0.008" /><testcase classname="tests.test_legal_settings_footer.TestPublicEndpoints" name="test_public_legal_document_known[terms]" time="0.004" /><testcase classname="tests.test_legal_settings_footer.TestPublicEndpoints" name="test_public_legal_document_known[privacy]" time="0.004" /><testcase classname="tests.test_legal_settings_footer.TestPublicEndpoints" name="test_public_legal_document_known[cookies]" time="0.003" /><testcase classname="tests.test_legal_settings_footer.TestPublicEndpoints" name="test_public_legal_document_unknown_returns_404" time="0.003" /><testcase classname="tests.test_legal_settings_footer.TestCookieConsent" name="test_consent_accepts_valid_choices[all]" time="0.004" /><testcase classname="tests.test_legal_settings_footer.TestCookieConsent" name="test_consent_accepts_valid_choices[essential]" time="0.004" /><testcase classname="tests.test_legal_settings_footer.TestCookieConsent" name="test_consent_accepts_valid_choices[rejected]" time="0.004" /><testcase classname="tests.test_legal_settings_footer.TestCookieConsent" name="test_consent_rejects_invalid_choice" time="0.003" /><testcase classname="tests.test_legal_settings_footer.TestAdminRBAC" name="test_admin_legal_settings_unauthenticated_401" time="0.003" /><testcase classname="tests.test_legal_settings_footer.TestAdminRBAC" name="test_admin_legal_settings_client_forbidden" time="0.230" /><testcase classname="tests.test_legal_settings_footer.TestAdminRBAC" name="test_admin_legal_settings_admin_ok" time="0.231" /><testcase classname="tests.test_legal_settings_footer.TestAdminUpdates" name="test_update_socials_persists_to_public" time="0.008" /><testcase classname="tests.test_legal_settings_footer.TestAdminUpdates" name="test_update_unknown_social_returns_400" time="0.004" /><testcase classname="tests.test_legal_settings_footer.TestAdminUpdates" name="test_update_unknown_legal_doc_returns_400" time="0.004" /><testcase classname="tests.test_legal_settings_footer.TestAdminUpdates" name="test_update_legal_terms_persists" time="0.008" /><testcase classname="tests.test_legal_settings_footer.TestAdminStats" name="test_consent_stats" time="0.008" /></testsuite></testsuites>