<?xml version="1.0" encoding="utf-8"?><testsuites name="pytest tests"><testsuite name="pytest" errors="0" failures="1" skipped="0" tests="27" time="2.777" timestamp="2026-05-26T11:03:38.009461+00:00" hostname="agent-env-74dc2b30-5a47-40ab-a6dc-e4b889aedaaf"><testcase classname="backend.tests.test_portfolio_extension.TestPublicCases" name="test_list_cases_returns_array_with_enriched_fields" time="1.333" /><testcase classname="backend.tests.test_portfolio_extension.TestPublicCases" name="test_list_cases_count_is_five" time="0.003" /><testcase classname="backend.tests.test_portfolio_extension.TestPublicCases" name="test_get_case_detail_returns_all_deep_fields" time="0.004" /><testcase classname="backend.tests.test_portfolio_extension.TestPublicCases" name="test_get_case_detail_404_for_invalid_id" time="0.002" /><testcase classname="backend.tests.test_portfolio_extension.TestPublicCases" name="test_featured_endpoint_returns_only_featured" time="0.002" /><testcase classname="backend.tests.test_portfolio_extension.TestInquiryCreate" name="test_create_inquiry_each_intent[order_similar]" time="0.002" /><testcase classname="backend.tests.test_portfolio_extension.TestInquiryCreate" name="test_create_inquiry_each_intent[consultation]" time="0.002" /><testcase classname="backend.tests.test_portfolio_extension.TestInquiryCreate" name="test_create_inquiry_each_intent[calculate]" time="0.002" /><testcase classname="backend.tests.test_portfolio_extension.TestInquiryCreate" name="test_inquiry_missing_required_rejected" time="0.004" /><testcase classname="backend.tests.test_portfolio_extension.TestInquiryCreate" name="test_inquiry_invalid_intent_rejected" time="0.002"><failure message="AssertionError: Expected 400 rejection for invalid intent. Got status=200, body={&quot;inquiry_id&quot;:&quot;inq_3a086cf587c6&quot;,&quot;case_id&quot;:null,&quot;case_title&quot;:null,&quot;intent&quot;:&quot;order_similar&quot;,&quot;full_name&quot;:&quot;TEST_user&quot;,&quot;email&quot;:&quot;test@example.com&quot;,&quot;phone&quot;:null,&quot;company&quot;:null,&quot;message&quot;:&quot;hello&quot;,&quot;budget_range&quot;:null,&quot;timeline&quot;:null,&quot;status&quot;:&quot;new&quot;,&quot;source_url&quot;:null,&quot;created_at&quot;:&quot;2026-05-26T11:03:39.455763Z&quot;}&#10;assert 200 == 400&#10; +  where 200 = &lt;Response [200]&gt;.status_code">backend/tests/test_portfolio_extension.py:191: in test_inquiry_invalid_intent_rejected
    assert r.status_code == 400, (
E   AssertionError: Expected 400 rejection for invalid intent. Got status=200, body={"inquiry_id":"inq_3a086cf587c6","case_id":null,"case_title":null,"intent":"order_similar","full_name":"TEST_user","email":"test@example.com","phone":null,"company":null,"message":"hello","budget_range":null,"timeline":null,"status":"new","source_url":null,"created_at":"2026-05-26T11:03:39.455763Z"}
E   assert 200 == 400
E    +  where 200 = &lt;Response [200]&gt;.status_code</failure></testcase><testcase classname="backend.tests.test_portfolio_extension.TestInquiryCreate" name="test_inquiry_with_null_case_id" time="0.002" /><testcase classname="backend.tests.test_portfolio_extension.TestInquiryCreate" name="test_inquiry_public_no_auth_required" time="0.002" /><testcase classname="backend.tests.test_portfolio_extension.TestAdminInquiries" name="test_list_inquiries_not_404" time="0.311" /><testcase classname="backend.tests.test_portfolio_extension.TestAdminInquiries" name="test_list_inquiries_latest_first" time="0.048" /><testcase classname="backend.tests.test_portfolio_extension.TestAdminInquiries" name="test_list_filter_by_status_new" time="0.044" /><testcase classname="backend.tests.test_portfolio_extension.TestAdminInquiries" name="test_patch_inquiry_status_transition" time="0.220" /><testcase classname="backend.tests.test_portfolio_extension.TestAdminInquiries" name="test_patch_inquiry_invalid_status_rejected" time="0.045" /><testcase classname="backend.tests.test_portfolio_extension.TestAdminInquiries" name="test_delete_inquiry" time="0.088" /><testcase classname="backend.tests.test_portfolio_extension.TestAdminCaseAfterReorder" name="test_admin_get_case_by_id_works" time="0.086" /><testcase classname="backend.tests.test_portfolio_extension.TestAdminCaseAfterReorder" name="test_admin_patch_case_toggle_flags" time="0.088" /><testcase classname="backend.tests.test_portfolio_extension.TestAdminCaseAfterReorder" name="test_admin_patch_case_title" time="0.047" /><testcase classname="backend.tests.test_portfolio_extension.TestAuthGating" name="test_public_list_no_auth" time="0.002" /><testcase classname="backend.tests.test_portfolio_extension.TestAuthGating" name="test_public_detail_no_auth" time="0.004" /><testcase classname="backend.tests.test_portfolio_extension.TestAuthGating" name="test_admin_inquiries_requires_auth" time="0.001" /><testcase classname="backend.tests.test_portfolio_extension.TestAuthGating" name="test_admin_inquiries_rejects_non_admin" time="0.268" /><testcase classname="backend.tests.test_portfolio_extension.TestAuthGating" name="test_admin_case_get_requires_auth" time="0.004" /><testcase classname="backend.tests.test_portfolio_extension.TestAuthGating" name="test_admin_case_patch_rejects_non_admin" time="0.045" /></testsuite></testsuites>